<?xml version="1.0" encoding="UTF-8"?>
<robot generator="Robot 7.4.2 (Python 3.12.3 on linux)" generated="2026-05-29T01:18:30.911772" rpa="false" schemaversion="5">
<suite id="s1" name="Test Pwm" source="/home/yasmine/Downloads/TestBench/robot/test_pwm.robot">
<test id="s1-t1" name="PWM 50 Percent Duty Cycle" line="6">
<kw name="Set PWM">
<msg time="2026-05-29T01:18:30.958204" level="FAIL">No keyword with name 'Set PWM' found.</msg>
<arg>1000000</arg>
<arg>500000</arg>
<status status="FAIL" start="2026-05-29T01:18:30.958147" elapsed="0.000136">No keyword with name 'Set PWM' found.</status>
</kw>
<kw name="Sleep" owner="BuiltIn">
<arg>0.1s</arg>
<doc>Pauses the test executed for the given time.</doc>
<status status="NOT RUN" start="2026-05-29T01:18:30.958526" elapsed="0.000038"/>
</kw>
<status status="FAIL" start="2026-05-29T01:18:30.956758" elapsed="0.002043">No keyword with name 'Set PWM' found.</status>
</test>
<test id="s1-t2" name="PWM 25 Percent Duty Cycle" line="10">
<kw name="Set PWM">
<msg time="2026-05-29T01:18:30.959983" level="FAIL">No keyword with name 'Set PWM' found.</msg>
<arg>1000000</arg>
<arg>250000</arg>
<status status="FAIL" start="2026-05-29T01:18:30.959933" elapsed="0.000108">No keyword with name 'Set PWM' found.</status>
</kw>
<kw name="Sleep" owner="BuiltIn">
<arg>0.1s</arg>
<doc>Pauses the test executed for the given time.</doc>
<status status="NOT RUN" start="2026-05-29T01:18:30.960235" elapsed="0.000033"/>
</kw>
<status status="FAIL" start="2026-05-29T01:18:30.959052" elapsed="0.001429">No keyword with name 'Set PWM' found.</status>
</test>
<test id="s1-t3" name="PWM 100 Percent Duty Cycle" line="14">
<kw name="Set PWM">
<msg time="2026-05-29T01:18:30.961818" level="FAIL">No keyword with name 'Set PWM' found.</msg>
<arg>1000000</arg>
<arg>1000000</arg>
<status status="FAIL" start="2026-05-29T01:18:30.961763" elapsed="0.000122">No keyword with name 'Set PWM' found.</status>
</kw>
<kw name="Sleep" owner="BuiltIn">
<arg>0.1s</arg>
<doc>Pauses the test executed for the given time.</doc>
<status status="NOT RUN" start="2026-05-29T01:18:30.962097" elapsed="0.000029"/>
</kw>
<status status="FAIL" start="2026-05-29T01:18:30.960725" elapsed="0.001586">No keyword with name 'Set PWM' found.</status>
</test>
<test id="s1-t4" name="PWM Off" line="18">
<kw name="Set PWM">
<msg time="2026-05-29T01:18:30.963483" level="FAIL">No keyword with name 'Set PWM' found.</msg>
<arg>1000000</arg>
<arg>0</arg>
<status status="FAIL" start="2026-05-29T01:18:30.963444" elapsed="0.000088">No keyword with name 'Set PWM' found.</status>
</kw>
<kw name="Sleep" owner="BuiltIn">
<arg>0.1s</arg>
<doc>Pauses the test executed for the given time.</doc>
<status status="NOT RUN" start="2026-05-29T01:18:30.963715" elapsed="0.000028"/>
</kw>
<status status="FAIL" start="2026-05-29T01:18:30.962560" elapsed="0.001378">No keyword with name 'Set PWM' found.</status>
</test>
<status status="FAIL" start="2026-05-29T01:18:30.912894" elapsed="0.051617"/>
</suite>
<statistics>
<total>
<stat pass="0" fail="4" skip="0">All Tests</stat>
</total>
<tag>
</tag>
<suite>
<stat name="Test Pwm" id="s1" pass="0" fail="4" skip="0">Test Pwm</stat>
</suite>
</statistics>
<errors>
<msg time="2026-05-29T01:18:30.955211" level="WARN">Imported library '/home/yasmine/Downloads/TestBench/robot/testbench_lib.py' contains no keywords.</msg>
<msg time="2026-05-29T01:18:30.956246" level="ERROR">Error in file '/home/yasmine/Downloads/TestBench/robot/test_pwm.robot' on line 3: Variable '${PORT}' not found.</msg>
</errors>
</robot>
