<?xml version="1.0" encoding="UTF-8"?>
<robot generator="Robot 7.4.2 (Python 3.12.3 on linux)" generated="2026-06-10T01:58:53.292521" rpa="false" schemaversion="5">
<suite id="s1" name="Test Uart" source="/home/yasmine/Downloads/Zephyr-Robot-fixed/Zephyr-Robot/robot/test_uart.robot">
<test id="s1-t1" name="UART HELLO Returns HELLO" line="8">
<kw name="Send Uart To Dut" owner="testbench_lib.TestbenchLib">
<arg>HELLO</arg>
<doc>Send a string to the DUT via the UART passthrough.</doc>
<status status="PASS" start="2026-06-10T01:58:53.315649" elapsed="0.104642"/>
</kw>
<kw name="Receive Uart From Dut" owner="testbench_lib.TestbenchLib">
<msg time="2026-06-10T01:58:53.424622" level="INFO">${resp} = HELLO</msg>
<var>${resp}</var>
<doc>Receive the DUT's reply via the UART passthrough.</doc>
<status status="PASS" start="2026-06-10T01:58:53.420876" elapsed="0.003854"/>
</kw>
<kw name="Should Contain" owner="BuiltIn">
<arg>${resp}</arg>
<arg>HELLO</arg>
<doc>Fails if ``container`` does not contain ``item`` one or more times.</doc>
<status status="PASS" start="2026-06-10T01:58:53.425122" elapsed="0.001228"/>
</kw>
<status status="PASS" start="2026-06-10T01:58:53.315194" elapsed="0.111520"/>
</test>
<test id="s1-t2" name="UART Empty Response Timeout" line="13">
<kw name="Receive Uart From Dut" owner="testbench_lib.TestbenchLib">
<msg time="2026-06-10T01:58:53.731485" level="INFO">${resp} = </msg>
<var>${resp}</var>
<doc>Receive the DUT's reply via the UART passthrough.</doc>
<status status="PASS" start="2026-06-10T01:58:53.427765" elapsed="0.303756"/>
</kw>
<kw name="Should Be Empty" owner="BuiltIn">
<msg time="2026-06-10T01:58:53.731892" level="INFO">Length is 0.</msg>
<arg>${resp}</arg>
<doc>Verifies that the given item is empty.</doc>
<status status="PASS" start="2026-06-10T01:58:53.731655" elapsed="0.000267"/>
</kw>
<status status="PASS" start="2026-06-10T01:58:53.427155" elapsed="0.304854"/>
</test>
<status status="PASS" start="2026-06-10T01:58:53.293185" elapsed="0.439064"/>
</suite>
<statistics>
<total>
<stat pass="2" fail="0" skip="0">All Tests</stat>
</total>
<tag>
</tag>
<suite>
<stat name="Test Uart" id="s1" pass="2" fail="0" skip="0">Test Uart</stat>
</suite>
</statistics>
<errors>
</errors>
</robot>
