<?xml version="1.0" encoding="UTF-8"?>
<robot generator="Robot 7.4.2 (Python 3.12.3 on linux)" generated="2026-05-29T01:20:36.831603" rpa="false" schemaversion="5">
<suite id="s1" name="Robot" source="/home/yasmine/Downloads/TestBench/robot">
<suite id="s1-s1" name="Test Pwm" source="/home/yasmine/Downloads/TestBench/robot/test_pwm.robot">
<test id="s1-s1-t1" name="PWM 25 Percent Duty Cycle" line="10">
<kw name="Set PWM">
<msg time="2026-05-29T01:20:37.122814" level="FAIL">No keyword with name 'Set PWM' found.</msg>
<arg>1000000</arg>
<arg>250000</arg>
<status status="FAIL" start="2026-05-29T01:20:37.121279" elapsed="0.008032">No keyword with name 'Set PWM' found.</status>
</kw>
<kw name="Sleep" owner="BuiltIn">
<arg>0.1s</arg>
<doc>Pauses the test executed for the given time.</doc>
<status status="NOT RUN" start="2026-05-29T01:20:37.131026" elapsed="0.000322"/>
</kw>
<status status="FAIL" start="2026-05-29T01:20:37.022613" elapsed="0.109257">No keyword with name 'Set PWM' found.</status>
</test>
<status status="FAIL" start="2026-05-29T01:20:36.939377" elapsed="0.249641"/>
</suite>
<status status="FAIL" start="2026-05-29T01:20:36.849214" elapsed="0.359571"/>
</suite>
<statistics>
<total>
<stat pass="0" fail="1" skip="0">All Tests</stat>
</total>
<tag>
</tag>
<suite>
<stat name="Robot" id="s1" pass="0" fail="1" skip="0">Robot</stat>
<stat name="Test Pwm" id="s1-s1" pass="0" fail="1" skip="0">Robot.Test Pwm</stat>
</suite>
</statistics>
<errors>
<msg time="2026-05-29T01:20:36.948219" level="WARN">Imported library '/home/yasmine/Downloads/TestBench/robot/testbench_lib.py' contains no keywords.</msg>
<msg time="2026-05-29T01:20:36.960962" level="ERROR">Error in file '/home/yasmine/Downloads/TestBench/robot/test_pwm.robot' on line 3: Variable '${PORT}' not found.</msg>
</errors>
</robot>
